{
  "RSpec": {
    "coverage": {
      "/home/affable-routine-9237/tic-tac-toe-rb-ruby-intro-000/lib/tic_tac_toe.rb": [
        null,
        1,
        null,
        null,
        null,
        null,
        null,
        null,
        null,
        null,
        null,
        1,
        4,
        4,
        4,
        4,
        4,
        null,
        null,
        1,
        6,
        null,
        null,
        1,
        6,
        null,
        null,
        1,
        8,
        5,
        3,
        3,
        null,
        null,
        null,
        1,
        5,
        null,
        null,
        1,
        4,
        null,
        4,
        36,
        5,
        null,
        null,
        null,
        4,
        null,
        null,
        1,
        3,
        3,
        null,
        null,
        0,
        null,
        null,
        1,
        3,
        3,
        3,
        null,
        3,
        2,
        2,
        null,
        1,
        null,
        null,
        null,
        1,
        13,
        93,
        93,
        93,
        null,
        93,
        93,
        93,
        null,
        93,
        6,
        null,
        null,
        null,
        7,
        null,
        null,
        1,
        9,
        53,
        null,
        null,
        9,
        null,
        null,
        1,
        6,
        6,
        null,
        6,
        2,
        4,
        4,
        null,
        null,
        null,
        1,
        3,
        null,
        null,
        1,
        3,
        null,
        3,
        2,
        null,
        null,
        null,
        null,
        null,
        1,
        0,
        null,
        0,
        0,
        null,
        0,
        null,
        null
      ]
    },
    "timestamp": 1603247902
  }
}
