{
  "RSpec": {
    "coverage": {
      "/home/affable-routine-9237/tic-tac-toe-rb-ruby-intro-000/lib/tic_tac_toe.rb": [
        null,
        1,
        null,
        null,
        null,
        null,
        null,
        null,
        null,
        null,
        null,
        1,
        5,
        5,
        5,
        5,
        5,
        null,
        null,
        1,
        13,
        null,
        null,
        1,
        13,
        null,
        null,
        1,
        15,
        12,
        3,
        3,
        null,
        null,
        null,
        1,
        3,
        null,
        null,
        1,
        2,
        null,
        2,
        18,
        5,
        null,
        null,
        null,
        2,
        null,
        null,
        1,
        1,
        1,
        null,
        null,
        0,
        null,
        null,
        1,
        13,
        13,
        10,
        null,
        10,
        9,
        0,
        null,
        1,
        null,
        null,
        null,
        1,
        13,
        93,
        93,
        93,
        null,
        93,
        93,
        93,
        null,
        93,
        6,
        null,
        null,
        null,
        7,
        null,
        null,
        1,
        9,
        53,
        null,
        null,
        9,
        null,
        null,
        1,
        6,
        6,
        null,
        6,
        2,
        4,
        4,
        null,
        null,
        null,
        1,
        3,
        null,
        null,
        1,
        3,
        null,
        3,
        2,
        null,
        null,
        null,
        null,
        null,
        1,
        12,
        null,
        12,
        12,
        null,
        0,
        null,
        null
      ]
    },
    "timestamp": 1603247821
  }
}
